Determining if the pthread_create exist failed with the following output:
Change Dir: /home/wifi-cable/Semester/Semester9/Robotik/catkin_ws/Robotic_AI_student_project/build/CMakeFiles/CMakeTmp

Run Build Command:"/usr/bin/make" "cmTC_87d56/fast"
/usr/bin/make -f CMakeFiles/cmTC_87d56.dir/build.make CMakeFiles/cmTC_87d56.dir/build
make[1]: Entering directory '/home/wifi-cable/Semester/Semester9/Robotik/catkin_ws/Robotic_AI_student_project/build/CMakeFiles/CMakeTmp'
Building C object CMakeFiles/cmTC_87d56.dir/CheckSymbolExists.c.o
/usr/bin/cc    -o CMakeFiles/cmTC_87d56.dir/CheckSymbolExists.c.o   -c /home/wifi-cable/Semester/Semester9/Robotik/catkin_ws/Robotic_AI_student_project/build/CMakeFiles/CMakeTmp/CheckSymbolExists.c
Linking C executable cmTC_87d56
/usr/bin/cmake -E cmake_link_script CMakeFiles/cmTC_87d56.dir/link.txt --verbose=1
/usr/bin/cc      -rdynamic CMakeFiles/cmTC_87d56.dir/CheckSymbolExists.c.o  -o cmTC_87d56 
CMakeFiles/cmTC_87d56.dir/CheckSymbolExists.c.o: In function `main':
CheckSymbolExists.c:(.text+0x1b): undefined reference to `pthread_create'
collect2: error: ld returned 1 exit status
CMakeFiles/cmTC_87d56.dir/build.make:97: recipe for target 'cmTC_87d56' failed
make[1]: *** [cmTC_87d56] Error 1
make[1]: Leaving directory '/home/wifi-cable/Semester/Semester9/Robotik/catkin_ws/Robotic_AI_student_project/build/CMakeFiles/CMakeTmp'
Makefile:126: recipe for target 'cmTC_87d56/fast' failed
make: *** [cmTC_87d56/fast] Error 2

File /home/wifi-cable/Semester/Semester9/Robotik/catkin_ws/Robotic_AI_student_project/build/CMakeFiles/CMakeTmp/CheckSymbolExists.c:
/* */
#include <pthread.h>

int main(int argc, char** argv)
{
  (void)argv;
#ifndef pthread_create
  return ((int*)(&pthread_create))[argc];
#else
  (void)argc;
  return 0;
#endif
}

Determining if the function pthread_create exists in the pthreads failed with the following output:
Change Dir: /home/wifi-cable/Semester/Semester9/Robotik/catkin_ws/Robotic_AI_student_project/build/CMakeFiles/CMakeTmp

Run Build Command:"/usr/bin/make" "cmTC_a8e47/fast"
/usr/bin/make -f CMakeFiles/cmTC_a8e47.dir/build.make CMakeFiles/cmTC_a8e47.dir/build
make[1]: Entering directory '/home/wifi-cable/Semester/Semester9/Robotik/catkin_ws/Robotic_AI_student_project/build/CMakeFiles/CMakeTmp'
Building C object CMakeFiles/cmTC_a8e47.dir/CheckFunctionExists.c.o
/usr/bin/cc   -DCHECK_FUNCTION_EXISTS=pthread_create   -o CMakeFiles/cmTC_a8e47.dir/CheckFunctionExists.c.o   -c /usr/share/cmake-3.10/Modules/CheckFunctionExists.c
Linking C executable cmTC_a8e47
/usr/bin/cmake -E cmake_link_script CMakeFiles/cmTC_a8e47.dir/link.txt --verbose=1
/usr/bin/cc  -DCHECK_FUNCTION_EXISTS=pthread_create    -rdynamic CMakeFiles/cmTC_a8e47.dir/CheckFunctionExists.c.o  -o cmTC_a8e47 -lpthreads 
/usr/bin/ld: cannot find -lpthreads
collect2: error: ld returned 1 exit status
CMakeFiles/cmTC_a8e47.dir/build.make:97: recipe for target 'cmTC_a8e47' failed
make[1]: *** [cmTC_a8e47] Error 1
make[1]: Leaving directory '/home/wifi-cable/Semester/Semester9/Robotik/catkin_ws/Robotic_AI_student_project/build/CMakeFiles/CMakeTmp'
Makefile:126: recipe for target 'cmTC_a8e47/fast' failed
make: *** [cmTC_a8e47/fast] Error 2


